<?xml version="1.0" encoding="UTF-8" ?>
<testsuite tests="1" failures="0" name="org.pine.test.BasicTest" time="0.879" errors="0" skipped="0">
  <properties>
    <property name="java.runtime.name" value="Java(TM) SE Runtime Environment"/>
    <property name="sun.boot.library.path" value="C:\DevelopmentTools\Java\jdk1.8.0_212\jre\bin"/>
    <property name="java.vm.version" value="25.212-b10"/>
    <property name="java.vm.vendor" value="Oracle Corporation"/>
    <property name="maven.multiModuleProjectDirectory" value="C:\Users\wp\Desktop\idea_workspace\mypine\pine"/>
    <property name="java.vendor.url" value="http://java.oracle.com/"/>
    <property name="path.separator" value=";"/>
    <property name="guice.disable.misplaced.annotation.check" value="true"/>
    <property name="java.vm.name" value="Java HotSpot(TM) 64-Bit Server VM"/>
    <property name="file.encoding.pkg" value="sun.io"/>
    <property name="user.script" value=""/>
    <property name="user.country" value="CN"/>
    <property name="sun.java.launcher" value="SUN_STANDARD"/>
    <property name="sun.os.patch.level" value=""/>
    <property name="java.vm.specification.name" value="Java Virtual Machine Specification"/>
    <property name="user.dir" value="C:\Users\wp\Desktop\idea_workspace\mypine\pine"/>
    <property name="java.runtime.version" value="1.8.0_212-b10"/>
    <property name="java.awt.graphicsenv" value="sun.awt.Win32GraphicsEnvironment"/>
    <property name="java.endorsed.dirs" value="C:\DevelopmentTools\Java\jdk1.8.0_212\jre\lib\endorsed"/>
    <property name="os.arch" value="amd64"/>
    <property name="java.io.tmpdir" value="C:\Users\wp\AppData\Local\Temp\"/>
    <property name="line.separator" value="
"/>
    <property name="java.vm.specification.vendor" value="Oracle Corporation"/>
    <property name="user.variant" value=""/>
    <property name="os.name" value="Windows 10"/>
    <property name="maven.ext.class.path" value="C:\DevelopmentTools\JetBrains\IntelliJ IDEA 2020.1.2\plugins\maven\lib\maven-event-listener.jar"/>
    <property name="classworlds.conf" value="C:\DevelopmentTools\apache-maven-3.6.3-bin\bin\m2.conf"/>
    <property name="sun.jnu.encoding" value="GBK"/>
    <property name="java.library.path" value="C:\DevelopmentTools\Java\jdk1.8.0_212\bin;C:\Windows\Sun\Java\bin;C:\Windows\system32;C:\Windows;C:\DevelopmentTools\CUDATools\CUDA Development\bin;C:\DevelopmentTools\CUDATools\CUDA Development\libnvvp;C:\DevelopmentTools\Python37\Scripts\;C:\DevelopmentTools\Python37\;C:\Program Files (x86)\Common Files\Oracle\Java\javapath;C:\Windows\system32;C:\Windows;C:\Windows\System32\Wbem;C:\Windows\System32\WindowsPowerShell\v1.0\;C:\Windows\System32\OpenSSH\;C:\DevelopmentTools\Java\jdk1.8.0_212\bin;C:\Program Files (x86)\NVIDIA Corporation\PhysX\Common;C:\DevelopmentTools\apache-maven-3.6.3-bin\bin;C:\Users\wp\AppData\Local\Microsoft\WindowsApps;C:\Program Files\Bandizip\;C:\DevelopmentTools\Fiddler;."/>
    <property name="maven.conf" value="C:\DevelopmentTools\apache-maven-3.6.3-bin/conf"/>
    <property name="java.specification.name" value="Java Platform API Specification"/>
    <property name="java.class.version" value="52.0"/>
    <property name="sun.management.compiler" value="HotSpot 64-Bit Tiered Compilers"/>
    <property name="maven.repo.local" value="C:\DevelopmentTools\LocalRepository"/>
    <property name="os.version" value="10.0"/>
    <property name="user.home" value="C:\Users\wp"/>
    <property name="user.timezone" value="Asia/Shanghai"/>
    <property name="java.awt.printerjob" value="sun.awt.windows.WPrinterJob"/>
    <property name="java.specification.version" value="1.8"/>
    <property name="file.encoding" value="UTF-8"/>
    <property name="user.name" value="wp"/>
    <property name="java.class.path" value="C:\DevelopmentTools\apache-maven-3.6.3-bin\boot\plexus-classworlds-2.6.0.jar;C:\DevelopmentTools\apache-maven-3.6.3-bin\boot\plexus-classworlds.license;C:\DevelopmentTools\JetBrains\IntelliJ IDEA 2020.1.2\lib\idea_rt.jar"/>
    <property name="java.vm.specification.version" value="1.8"/>
    <property name="sun.arch.data.model" value="64"/>
    <property name="java.home" value="C:\DevelopmentTools\Java\jdk1.8.0_212\jre"/>
    <property name="sun.java.command" value="org.codehaus.classworlds.Launcher -Didea.version2020.1.2 -s C:\DevelopmentTools\apache-maven-3.6.3-bin\conf\settings.xml -Dmaven.repo.local=C:\DevelopmentTools\LocalRepository install"/>
    <property name="java.specification.vendor" value="Oracle Corporation"/>
    <property name="user.language" value="zh"/>
    <property name="idea.version2020.1.2" value="true"/>
    <property name="awt.toolkit" value="sun.awt.windows.WToolkit"/>
    <property name="java.vm.info" value="mixed mode"/>
    <property name="java.version" value="1.8.0_212"/>
    <property name="java.ext.dirs" value="C:\DevelopmentTools\Java\jdk1.8.0_212\jre\lib\ext;C:\Windows\Sun\Java\lib\ext"/>
    <property name="sun.boot.class.path" value="C:\DevelopmentTools\Java\jdk1.8.0_212\jre\lib\resources.jar;C:\DevelopmentTools\Java\jdk1.8.0_212\jre\lib\rt.jar;C:\DevelopmentTools\Java\jdk1.8.0_212\jre\lib\sunrsasign.jar;C:\DevelopmentTools\Java\jdk1.8.0_212\jre\lib\jsse.jar;C:\DevelopmentTools\Java\jdk1.8.0_212\jre\lib\jce.jar;C:\DevelopmentTools\Java\jdk1.8.0_212\jre\lib\charsets.jar;C:\DevelopmentTools\Java\jdk1.8.0_212\jre\lib\jfr.jar;C:\DevelopmentTools\Java\jdk1.8.0_212\jre\classes"/>
    <property name="java.vendor" value="Oracle Corporation"/>
    <property name="maven.home" value="C:\DevelopmentTools\apache-maven-3.6.3-bin"/>
    <property name="file.separator" value="\"/>
    <property name="java.vendor.url.bug" value="http://bugreport.sun.com/bugreport/"/>
    <property name="sun.cpu.endian" value="little"/>
    <property name="sun.io.unicode.encoding" value="UnicodeLittle"/>
    <property name="sun.desktop" value="windows"/>
    <property name="sun.cpu.isalist" value="amd64"/>
  </properties>
  <testcase classname="org.pine.test.BasicTest" name="basicTest" time="0.879"/>
</testsuite>