<?xml version="1.0" encoding="UTF-8"?>
<!-- Generated by org.testng.reporters.JUnitReportReporter -->
<testsuite skipped="0" hostname="DESKTOP-HV0TVL3" name="org.pine.test.BasicTest" tests="1" failures="0" timestamp="2020-07-13T23:32:36 CST" time="0.878" errors="0">
  <testcase name="basicTest" time="0.878" classname="org.pine.test.BasicTest"/>
</testsuite> <!-- org.pine.test.BasicTest -->
